# JRE version: Java(TM) SE Runtime Environment (17.0.11+7) (build 17.0.11+7-LTS-207)
# Java VM: Java HotSpot(TM) 64-Bit Server VM (17.0.11+7-LTS-207, mixed mode, sharing, tiered, compressed oops, compressed class ptrs, g1 gc, windows-amd64)
GC Precious Log:
 CPUs: 8 total, 8 available
 Memory: 12153M
 Large Page Support: Disabled
 NUMA Support: Disabled
 Compressed Oops: Enabled (Zero based)
 Heap Region Size: 2M
 Heap Min Capacity: 8M
 Heap Initial Capacity: 190M
 Heap Max Capacity: 3040M
 Pre-touch: Disabled
 Parallel Workers: 8
 Concurrent Workers: 2
 Concurrent Refinement Workers: 8
 Periodic GC: Disabled
Heap:
 garbage-first heap   total 151552K, used 93866K [0x0000000742000000, 0x0000000800000000)
  region size 2048K, 7 young (14336K), 2 survivors (4096K)
 Metaspace       used 86989K, committed 87616K, reserved 1179648K
  class space    used 12155K, committed 12480K, reserved 1048576K
GC Heap History (20 events):
Event: 8.076 GC heap before
{Heap before GC invocations=20 (full 0):
 garbage-first heap   total 92160K, used 71071K [0x0000000742000000, 0x0000000800000000)
  region size 2048K, 19 young (38912K), 3 survivors (6144K)
 Metaspace       used 65689K, committed 66176K, reserved 1114112K
  class space    used 8970K, committed 9216K, reserved 1048576K
}
Event: 8.079 GC heap after
{Heap after GC invocations=21 (full 0):
 garbage-first heap   total 92160K, used 38728K [0x0000000742000000, 0x0000000800000000)
  region size 2048K, 2 young (4096K), 2 survivors (4096K)
 Metaspace       used 65689K, committed 66176K, reserved 1114112K
  class space    used 8970K, committed 9216K, reserved 1048576K
}
Event: 8.326 GC heap before
{Heap before GC invocations=21 (full 0):
 garbage-first heap   total 92160K, used 71496K [0x0000000742000000, 0x0000000800000000)
  region size 2048K, 18 young (36864K), 2 survivors (4096K)
 Metaspace       used 66642K, committed 67200K, reserved 1114112K
  class space    used 9028K, committed 9280K, reserved 1048576K
}
Event: 8.330 GC heap after
{Heap after GC invocations=22 (full 0):
 garbage-first heap   total 92160K, used 40333K [0x0000000742000000, 0x0000000800000000)
  region size 2048K, 3 young (6144K), 3 survivors (6144K)
 Metaspace       used 66642K, committed 67200K, reserved 1114112K
  class space    used 9028K, committed 9280K, reserved 1048576K
}
Event: 8.573 GC heap before
{Heap before GC invocations=22 (full 0):
 garbage-first heap   total 92160K, used 73101K [0x0000000742000000, 0x0000000800000000)
  region size 2048K, 19 young (38912K), 3 survivors (6144K)
 Metaspace       used 67744K, committed 68352K, reserved 1114112K
  class space    used 9175K, committed 9472K, reserved 1048576K
}
Event: 8.578 GC heap after
{Heap after GC invocations=23 (full 0):
 garbage-first heap   total 110592K, used 42656K [0x0000000742000000, 0x0000000800000000)
  region size 2048K, 3 young (6144K), 3 survivors (6144K)
 Metaspace       used 67744K, committed 68352K, reserved 1114112K
  class space    used 9175K, committed 9472K, reserved 1048576K
}
Event: 9.171 GC heap before
{Heap before GC invocations=23 (full 0):
 garbage-first heap   total 110592K, used 87712K [0x0000000742000000, 0x0000000800000000)
  region size 2048K, 25 young (51200K), 3 survivors (6144K)
 Metaspace       used 71526K, committed 72064K, reserved 1114112K
  class space    used 9774K, committed 10048K, reserved 1048576K
}
Event: 9.178 GC heap after
{Heap after GC invocations=24 (full 0):
 garbage-first heap   total 110592K, used 45096K [0x0000000742000000, 0x0000000800000000)
  region size 2048K, 4 young (8192K), 4 survivors (8192K)
 Metaspace       used 71526K, committed 72064K, reserved 1114112K
  class space    used 9774K, committed 10048K, reserved 1048576K
}
Event: 11.860 GC heap before
{Heap before GC invocations=24 (full 0):
 garbage-first heap   total 110592K, used 92200K [0x0000000742000000, 0x0000000800000000)
  region size 2048K, 25 young (51200K), 4 survivors (8192K)
 Metaspace       used 79985K, committed 80576K, reserved 1179648K
  class space    used 11170K, committed 11456K, reserved 1048576K
}
Event: 11.868 GC heap after
{Heap after GC invocations=25 (full 0):
 garbage-first heap   total 110592K, used 58288K [0x0000000742000000, 0x0000000800000000)
  region size 2048K, 4 young (8192K), 4 survivors (8192K)
 Metaspace       used 79985K, committed 80576K, reserved 1179648K
  class space    used 11170K, committed 11456K, reserved 1048576K
}
Event: 12.057 GC heap before
{Heap before GC invocations=25 (full 0):
 garbage-first heap   total 110592K, used 66480K [0x0000000742000000, 0x0000000800000000)
  region size 2048K, 9 young (18432K), 4 survivors (8192K)
 Metaspace       used 81333K, committed 81920K, reserved 1179648K
  class space    used 11341K, committed 11584K, reserved 1048576K
}
Event: 12.064 GC heap after
{Heap after GC invocations=26 (full 0):
 garbage-first heap   total 110592K, used 59095K [0x0000000742000000, 0x0000000800000000)
  region size 2048K, 1 young (2048K), 1 survivors (2048K)
 Metaspace       used 81333K, committed 81920K, reserved 1179648K
  class space    used 11341K, committed 11584K, reserved 1048576K
}
Event: 12.174 GC heap before
{Heap before GC invocations=27 (full 0):
 garbage-first heap   total 116736K, used 67287K [0x0000000742000000, 0x0000000800000000)
  region size 2048K, 2 young (4096K), 1 survivors (2048K)
 Metaspace       used 81363K, committed 81920K, reserved 1179648K
  class space    used 11343K, committed 11584K, reserved 1048576K
}
Event: 12.176 GC heap after
{Heap after GC invocations=28 (full 0):
 garbage-first heap   total 116736K, used 66612K [0x0000000742000000, 0x0000000800000000)
  region size 2048K, 1 young (2048K), 1 survivors (2048K)
 Metaspace       used 81363K, committed 81920K, reserved 1179648K
  class space    used 11343K, committed 11584K, reserved 1048576K
}
Event: 12.286 GC heap before
{Heap before GC invocations=29 (full 0):
 garbage-first heap   total 126976K, used 74804K [0x0000000742000000, 0x0000000800000000)
  region size 2048K, 2 young (4096K), 1 survivors (2048K)
 Metaspace       used 81458K, committed 82048K, reserved 1179648K
  class space    used 11374K, committed 11648K, reserved 1048576K
}
Event: 12.288 GC heap after
{Heap after GC invocations=30 (full 0):
 garbage-first heap   total 126976K, used 74882K [0x0000000742000000, 0x0000000800000000)
  region size 2048K, 1 young (2048K), 1 survivors (2048K)
 Metaspace       used 81458K, committed 82048K, reserved 1179648K
  class space    used 11374K, committed 11648K, reserved 1048576K
}
Event: 12.993 GC heap before
{Heap before GC invocations=31 (full 0):
 garbage-first heap   total 143360K, used 107650K [0x0000000742000000, 0x0000000800000000)
  region size 2048K, 15 young (30720K), 1 survivors (2048K)
 Metaspace       used 85245K, committed 85952K, reserved 1179648K
  class space    used 11998K, committed 12352K, reserved 1048576K
}
Event: 12.998 GC heap after
{Heap after GC invocations=32 (full 0):
 garbage-first heap   total 143360K, used 83013K [0x0000000742000000, 0x0000000800000000)
  region size 2048K, 2 young (4096K), 2 survivors (4096K)
 Metaspace       used 85245K, committed 85952K, reserved 1179648K
  class space    used 11998K, committed 12352K, reserved 1048576K
}
Event: 13.226 GC heap before
{Heap before GC invocations=32 (full 0):
 garbage-first heap   total 143360K, used 89157K [0x0000000742000000, 0x0000000800000000)
  region size 2048K, 6 young (12288K), 2 survivors (4096K)
 Metaspace       used 85752K, committed 86400K, reserved 1179648K
  class space    used 12041K, committed 12352K, reserved 1048576K
}
Event: 13.232 GC heap after
{Heap after GC invocations=33 (full 0):
 garbage-first heap   total 143360K, used 85674K [0x0000000742000000, 0x0000000800000000)
  region size 2048K, 2 young (4096K), 2 survivors (4096K)
 Metaspace       used 85752K, committed 86400K, reserved 1179648K
  class space    used 12041K, committed 12352K, reserved 1048576K
}

