# JRE version: Java(TM) SE Runtime Environment (17.0.11+7) (build 17.0.11+7-LTS-207)
# Java VM: Java HotSpot(TM) 64-Bit Server VM (17.0.11+7-LTS-207, mixed mode, sharing, tiered, compressed oops, compressed class ptrs, g1 gc, windows-amd64)
GC Precious Log:
 CPUs: 8 total, 8 available
 Memory: 12153M
 Large Page Support: Disabled
 NUMA Support: Disabled
 Compressed Oops: Enabled (Zero based)
 Heap Region Size: 2M
 Heap Min Capacity: 8M
 Heap Initial Capacity: 190M
 Heap Max Capacity: 3040M
 Pre-touch: Disabled
 Parallel Workers: 8
 Concurrent Workers: 2
 Concurrent Refinement Workers: 8
 Periodic GC: Disabled
Heap:
 garbage-first heap   total 186368K, used 122968K [0x0000000742000000, 0x0000000800000000)
  region size 2048K, 29 young (59392K), 7 survivors (14336K)
 Metaspace       used 86990K, committed 87680K, reserved 1179648K
  class space    used 12161K, committed 12480K, reserved 1048576K
GC Heap History (20 events):
Event: 6.739 GC heap before
{Heap before GC invocations=14 (full 0):
 garbage-first heap   total 75776K, used 56336K [0x0000000742000000, 0x0000000800000000)
  region size 2048K, 17 young (34816K), 2 survivors (4096K)
 Metaspace       used 58021K, committed 58496K, reserved 1114112K
  class space    used 7590K, committed 7808K, reserved 1048576K
}
Event: 6.744 GC heap after
{Heap after GC invocations=15 (full 0):
 garbage-first heap   total 75776K, used 29988K [0x0000000742000000, 0x0000000800000000)
  region size 2048K, 3 young (6144K), 3 survivors (6144K)
 Metaspace       used 58021K, committed 58496K, reserved 1114112K
  class space    used 7590K, committed 7808K, reserved 1048576K
}
Event: 6.975 GC heap before
{Heap before GC invocations=15 (full 0):
 garbage-first heap   total 75776K, used 42276K [0x0000000742000000, 0x0000000800000000)
  region size 2048K, 10 young (20480K), 3 survivors (6144K)
 Metaspace       used 59668K, committed 60160K, reserved 1114112K
  class space    used 7847K, committed 8128K, reserved 1048576K
}
Event: 6.980 GC heap after
{Heap after GC invocations=16 (full 0):
 garbage-first heap   total 75776K, used 31397K [0x0000000742000000, 0x0000000800000000)
  region size 2048K, 2 young (4096K), 2 survivors (4096K)
 Metaspace       used 59668K, committed 60160K, reserved 1114112K
  class space    used 7847K, committed 8128K, reserved 1048576K
}
Event: 7.301 GC heap before
{Heap before GC invocations=17 (full 0):
 garbage-first heap   total 75776K, used 60069K [0x0000000742000000, 0x0000000800000000)
  region size 2048K, 16 young (32768K), 2 survivors (4096K)
 Metaspace       used 62283K, committed 62848K, reserved 1114112K
  class space    used 8490K, committed 8768K, reserved 1048576K
}
Event: 7.305 GC heap after
{Heap after GC invocations=18 (full 0):
 garbage-first heap   total 75776K, used 34094K [0x0000000742000000, 0x0000000800000000)
  region size 2048K, 2 young (4096K), 2 survivors (4096K)
 Metaspace       used 62283K, committed 62848K, reserved 1114112K
  class space    used 8490K, committed 8768K, reserved 1048576K
}
Event: 7.314 GC heap before
{Heap before GC invocations=18 (full 0):
 garbage-first heap   total 75776K, used 36142K [0x0000000742000000, 0x0000000800000000)
  region size 2048K, 3 young (6144K), 2 survivors (4096K)
 Metaspace       used 62295K, committed 62848K, reserved 1114112K
  class space    used 8490K, committed 8768K, reserved 1048576K
}
Event: 7.318 GC heap after
{Heap after GC invocations=19 (full 0):
 garbage-first heap   total 92160K, used 33124K [0x0000000742000000, 0x0000000800000000)
  region size 2048K, 1 young (2048K), 1 survivors (2048K)
 Metaspace       used 62295K, committed 62848K, reserved 1114112K
  class space    used 8490K, committed 8768K, reserved 1048576K
}
Event: 7.588 GC heap before
{Heap before GC invocations=19 (full 0):
 garbage-first heap   total 92160K, used 67940K [0x0000000742000000, 0x0000000800000000)
  region size 2048K, 19 young (38912K), 1 survivors (2048K)
 Metaspace       used 64455K, committed 65024K, reserved 1114112K
  class space    used 8780K, committed 9088K, reserved 1048576K
}
Event: 7.589 GC heap after
{Heap after GC invocations=20 (full 0):
 garbage-first heap   total 92160K, used 33821K [0x0000000742000000, 0x0000000800000000)
  region size 2048K, 1 young (2048K), 1 survivors (2048K)
 Metaspace       used 64455K, committed 65024K, reserved 1114112K
  class space    used 8780K, committed 9088K, reserved 1048576K
}
Event: 7.824 GC heap before
{Heap before GC invocations=20 (full 0):
 garbage-first heap   total 92160K, used 72733K [0x0000000742000000, 0x0000000800000000)
  region size 2048K, 20 young (40960K), 1 survivors (2048K)
 Metaspace       used 65057K, committed 65664K, reserved 1114112K
  class space    used 8851K, committed 9152K, reserved 1048576K
}
Event: 7.828 GC heap after
{Heap after GC invocations=21 (full 0):
 garbage-first heap   total 92160K, used 36923K [0x0000000742000000, 0x0000000800000000)
  region size 2048K, 3 young (6144K), 3 survivors (6144K)
 Metaspace       used 65057K, committed 65664K, reserved 1114112K
  class space    used 8851K, committed 9152K, reserved 1048576K
}
Event: 8.008 GC heap before
{Heap before GC invocations=21 (full 0):
 garbage-first heap   total 92160K, used 71739K [0x0000000742000000, 0x0000000800000000)
  region size 2048K, 20 young (40960K), 3 survivors (6144K)
 Metaspace       used 65531K, committed 66048K, reserved 1114112K
  class space    used 8965K, committed 9216K, reserved 1048576K
}
Event: 8.012 GC heap after
{Heap after GC invocations=22 (full 0):
 garbage-first heap   total 92160K, used 37167K [0x0000000742000000, 0x0000000800000000)
  region size 2048K, 1 young (2048K), 1 survivors (2048K)
 Metaspace       used 65531K, committed 66048K, reserved 1114112K
  class space    used 8965K, committed 9216K, reserved 1048576K
}
Event: 8.221 GC heap before
{Heap before GC invocations=22 (full 0):
 garbage-first heap   total 92160K, used 71983K [0x0000000742000000, 0x0000000800000000)
  region size 2048K, 18 young (36864K), 1 survivors (2048K)
 Metaspace       used 66084K, committed 66624K, reserved 1114112K
  class space    used 8992K, committed 9280K, reserved 1048576K
}
Event: 8.224 GC heap after
{Heap after GC invocations=23 (full 0):
 garbage-first heap   total 92160K, used 39070K [0x0000000742000000, 0x0000000800000000)
  region size 2048K, 2 young (4096K), 2 survivors (4096K)
 Metaspace       used 66084K, committed 66624K, reserved 1114112K
  class space    used 8992K, committed 9280K, reserved 1048576K
}
Event: 8.489 GC heap before
{Heap before GC invocations=23 (full 0):
 garbage-first heap   total 92160K, used 71838K [0x0000000742000000, 0x0000000800000000)
  region size 2048K, 18 young (36864K), 2 survivors (4096K)
 Metaspace       used 67614K, committed 68224K, reserved 1114112K
  class space    used 9172K, committed 9472K, reserved 1048576K
}
Event: 8.494 GC heap after
{Heap after GC invocations=24 (full 0):
 garbage-first heap   total 184320K, used 41061K [0x0000000742000000, 0x0000000800000000)
  region size 2048K, 3 young (6144K), 3 survivors (6144K)
 Metaspace       used 67614K, committed 68224K, reserved 1114112K
  class space    used 9172K, committed 9472K, reserved 1048576K
}
Event: 11.808 GC heap before
{Heap before GC invocations=24 (full 0):
 garbage-first heap   total 184320K, used 168037K [0x0000000742000000, 0x0000000800000000)
  region size 2048K, 54 young (110592K), 3 survivors (6144K)
 Metaspace       used 81289K, committed 81856K, reserved 1179648K
  class space    used 11347K, committed 11648K, reserved 1048576K
}
Event: 11.817 GC heap after
{Heap after GC invocations=25 (full 0):
 garbage-first heap   total 186368K, used 73816K [0x0000000742000000, 0x0000000800000000)
  region size 2048K, 7 young (14336K), 7 survivors (14336K)
 Metaspace       used 81289K, committed 81856K, reserved 1179648K
  class space    used 11347K, committed 11648K, reserved 1048576K
}

