# JRE version: Java(TM) SE Runtime Environment (17.0.11+7) (build 17.0.11+7-LTS-207)
# Java VM: Java HotSpot(TM) 64-Bit Server VM (17.0.11+7-LTS-207, mixed mode, sharing, tiered, compressed oops, compressed class ptrs, g1 gc, windows-amd64)
GC Precious Log:
 CPUs: 8 total, 8 available
 Memory: 12153M
 Large Page Support: Disabled
 NUMA Support: Disabled
 Compressed Oops: Enabled (Zero based)
 Heap Region Size: 2M
 Heap Min Capacity: 8M
 Heap Initial Capacity: 190M
 Heap Max Capacity: 3040M
 Pre-touch: Disabled
 Parallel Workers: 8
 Concurrent Workers: 2
 Concurrent Refinement Workers: 8
 Periodic GC: Disabled
Heap:
 garbage-first heap   total 274432K, used 226293K [0x0000000742000000, 0x0000000800000000)
  region size 2048K, 41 young (83968K), 1 survivors (2048K)
 Metaspace       used 93247K, committed 93952K, reserved 1179648K
  class space    used 12562K, committed 12864K, reserved 1048576K
GC Heap History (20 events):
Event: 1664.485 GC heap before
{Heap before GC invocations=64 (full 0):
 garbage-first heap   total 274432K, used 157934K [0x0000000742000000, 0x0000000800000000)
  region size 2048K, 6 young (12288K), 3 survivors (6144K)
 Metaspace       used 92104K, committed 92864K, reserved 1179648K
  class space    used 12543K, committed 12864K, reserved 1048576K
}
Event: 1664.492 GC heap after
{Heap after GC invocations=65 (full 0):
 garbage-first heap   total 274432K, used 148894K [0x0000000742000000, 0x0000000800000000)
  region size 2048K, 1 young (2048K), 1 survivors (2048K)
 Metaspace       used 92104K, committed 92864K, reserved 1179648K
  class space    used 12543K, committed 12864K, reserved 1048576K
}
Event: 1724.046 GC heap before
{Heap before GC invocations=65 (full 0):
 garbage-first heap   total 274432K, used 226718K [0x0000000742000000, 0x0000000800000000)
  region size 2048K, 39 young (79872K), 1 survivors (2048K)
 Metaspace       used 92330K, committed 93056K, reserved 1179648K
  class space    used 12544K, committed 12864K, reserved 1048576K
}
Event: 1724.049 GC heap after
{Heap after GC invocations=66 (full 0):
 garbage-first heap   total 274432K, used 150797K [0x0000000742000000, 0x0000000800000000)
  region size 2048K, 2 young (4096K), 2 survivors (4096K)
 Metaspace       used 92330K, committed 93056K, reserved 1179648K
  class space    used 12544K, committed 12864K, reserved 1048576K
}
Event: 1802.354 GC heap before
{Heap before GC invocations=67 (full 0):
 garbage-first heap   total 274432K, used 226573K [0x0000000742000000, 0x0000000800000000)
  region size 2048K, 39 young (79872K), 2 survivors (4096K)
 Metaspace       used 92477K, committed 93184K, reserved 1179648K
  class space    used 12545K, committed 12864K, reserved 1048576K
}
Event: 1802.364 GC heap after
{Heap after GC invocations=68 (full 0):
 garbage-first heap   total 274432K, used 152140K [0x0000000742000000, 0x0000000800000000)
  region size 2048K, 3 young (6144K), 3 survivors (6144K)
 Metaspace       used 92477K, committed 93184K, reserved 1179648K
  class space    used 12545K, committed 12864K, reserved 1048576K
}
Event: 1807.928 GC heap before
{Heap before GC invocations=68 (full 0):
 garbage-first heap   total 274432K, used 158284K [0x0000000742000000, 0x0000000800000000)
  region size 2048K, 6 young (12288K), 3 survivors (6144K)
 Metaspace       used 92491K, committed 93184K, reserved 1179648K
  class space    used 12545K, committed 12864K, reserved 1048576K
}
Event: 1807.933 GC heap after
{Heap after GC invocations=69 (full 0):
 garbage-first heap   total 274432K, used 147562K [0x0000000742000000, 0x0000000800000000)
  region size 2048K, 1 young (2048K), 1 survivors (2048K)
 Metaspace       used 92491K, committed 93184K, reserved 1179648K
  class space    used 12545K, committed 12864K, reserved 1048576K
}
Event: 1888.081 GC heap before
{Heap before GC invocations=69 (full 0):
 garbage-first heap   total 274432K, used 227434K [0x0000000742000000, 0x0000000800000000)
  region size 2048K, 40 young (81920K), 1 survivors (2048K)
 Metaspace       used 92642K, committed 93376K, reserved 1179648K
  class space    used 12545K, committed 12864K, reserved 1048576K
}
Event: 1888.084 GC heap after
{Heap after GC invocations=70 (full 0):
 garbage-first heap   total 274432K, used 150934K [0x0000000742000000, 0x0000000800000000)
  region size 2048K, 3 young (6144K), 3 survivors (6144K)
 Metaspace       used 92642K, committed 93376K, reserved 1179648K
  class space    used 12545K, committed 12864K, reserved 1048576K
}
Event: 1938.101 GC heap before
{Heap before GC invocations=71 (full 0):
 garbage-first heap   total 274432K, used 226710K [0x0000000742000000, 0x0000000800000000)
  region size 2048K, 40 young (81920K), 3 survivors (6144K)
 Metaspace       used 92716K, committed 93440K, reserved 1179648K
  class space    used 12545K, committed 12864K, reserved 1048576K
}
Event: 1938.106 GC heap after
{Heap after GC invocations=72 (full 0):
 garbage-first heap   total 274432K, used 151248K [0x0000000742000000, 0x0000000800000000)
  region size 2048K, 3 young (6144K), 3 survivors (6144K)
 Metaspace       used 92716K, committed 93440K, reserved 1179648K
  class space    used 12545K, committed 12864K, reserved 1048576K
}
Event: 1943.087 GC heap before
{Heap before GC invocations=72 (full 0):
 garbage-first heap   total 274432K, used 157392K [0x0000000742000000, 0x0000000800000000)
  region size 2048K, 6 young (12288K), 3 survivors (6144K)
 Metaspace       used 92731K, committed 93440K, reserved 1179648K
  class space    used 12545K, committed 12864K, reserved 1048576K
}
Event: 1943.092 GC heap after
{Heap after GC invocations=73 (full 0):
 garbage-first heap   total 274432K, used 147434K [0x0000000742000000, 0x0000000800000000)
  region size 2048K, 1 young (2048K), 1 survivors (2048K)
 Metaspace       used 92731K, committed 93440K, reserved 1179648K
  class space    used 12545K, committed 12864K, reserved 1048576K
}
Event: 2008.632 GC heap before
{Heap before GC invocations=73 (full 0):
 garbage-first heap   total 274432K, used 229354K [0x0000000742000000, 0x0000000800000000)
  region size 2048K, 41 young (83968K), 1 survivors (2048K)
 Metaspace       used 92896K, committed 93632K, reserved 1179648K
  class space    used 12545K, committed 12864K, reserved 1048576K
}
Event: 2008.643 GC heap after
{Heap after GC invocations=74 (full 0):
 garbage-first heap   total 274432K, used 150488K [0x0000000742000000, 0x0000000800000000)
  region size 2048K, 3 young (6144K), 3 survivors (6144K)
 Metaspace       used 92896K, committed 93632K, reserved 1179648K
  class space    used 12545K, committed 12864K, reserved 1048576K
}
Event: 2049.250 GC heap before
{Heap before GC invocations=75 (full 0):
 garbage-first heap   total 274432K, used 228312K [0x0000000742000000, 0x0000000800000000)
  region size 2048K, 41 young (83968K), 3 survivors (6144K)
 Metaspace       used 93018K, committed 93760K, reserved 1179648K
  class space    used 12545K, committed 12864K, reserved 1048576K
}
Event: 2049.267 GC heap after
{Heap after GC invocations=76 (full 0):
 garbage-first heap   total 274432K, used 151030K [0x0000000742000000, 0x0000000800000000)
  region size 2048K, 3 young (6144K), 3 survivors (6144K)
 Metaspace       used 93018K, committed 93760K, reserved 1179648K
  class space    used 12545K, committed 12864K, reserved 1048576K
}
Event: 2053.299 GC heap before
{Heap before GC invocations=76 (full 0):
 garbage-first heap   total 274432K, used 157174K [0x0000000742000000, 0x0000000800000000)
  region size 2048K, 6 young (12288K), 3 survivors (6144K)
 Metaspace       used 93025K, committed 93760K, reserved 1179648K
  class space    used 12545K, committed 12864K, reserved 1048576K
}
Event: 2053.309 GC heap after
{Heap after GC invocations=77 (full 0):
 garbage-first heap   total 274432K, used 146421K [0x0000000742000000, 0x0000000800000000)
  region size 2048K, 1 young (2048K), 1 survivors (2048K)
 Metaspace       used 93025K, committed 93760K, reserved 1179648K
  class space    used 12545K, committed 12864K, reserved 1048576K
}

